Nov 19, 2021 9:33:18 AM registry.Logging logging
INFO: New service registered: test localhost:8000
Nov 23, 2021 2:14:49 PM registry.Logging logging
INFO: New service registered: test localhost:8000
Feb 22, 2022 7:42:27 PM registry.Logging logging
INFO: New service registered: test localhost:8000
Feb 22, 2022 7:45:15 PM registry.Logging logging
INFO: New service registered: test localhost:8000
Feb 22, 2022 7:51:45 PM registry.Logging logging
INFO: New service registered: test localhost:8000
Feb 22, 2022 8:05:03 PM registry.Logging logging
INFO: New service registered: test localhost:8000
Feb 24, 2022 8:46:33 PM registry.Logging logging
INFO: New service registered: test localhost:8000
Feb 24, 2022 9:09:01 PM registry.Logging logging
INFO: New service registered: test localhost:8000
Feb 24, 2022 9:58:15 PM registry.Logging logging
INFO: New service registered: test localhost:8000
Feb 24, 2022 10:56:58 PM registry.Logging logging
INFO: New service registered: test localhost:8000
Feb 24, 2022 11:12:29 PM registry.Logging logging
INFO: New service registered: test localhost:8000
Feb 25, 2022 6:47:51 PM registry.Logging logging
INFO: New service registered: gjmooney localhost:8000
Feb 25, 2022 8:31:59 PM registry.Logging logging
INFO: New service registered: gjmooney localhost:8000
Feb 25, 2022 8:39:21 PM registry.Logging logging
INFO: New service registered: gjmooney localhost:8000
